Arguments: 
  C:\Program Files\nodejs\node.exe C:\Users\William\AppData\Roaming\npm\node_modules\yarn\bin\yarn.js

PATH: 
  C:\Users\William\Desktop\cmder\bin;C:\Program Files\Git\bin;C:\Program Files\Git\usr\bin;C:\Program Files\Git\share\vim\vim74;C:\Users\William\Desktop\cmder\vendor\conemu-maximus5\ConEmu\Scripts;C:\Users\William\Desktop\cmder\vendor\conemu-maximus5;C:\Users\William\Desktop\cmder\vendor\conemu-maximus5\ConEmu;C:\Program Files\ImageMagick-7.0.2-Q16;C:\ProgramData\Oracle\Java\javapath;C:\Python27\Lib\site-packages\PyQt4;C:\Program Files\NVIDIA GPU Computing Toolkit\CUDA\v7.5\bin;C:\Program Files\NVIDIA GPU Computing Toolkit\CUDA\v7.5\libnvvp;C:\Program Files\Haskell\bin;C:\Program Files\Haskell Platform\7.10.2-a\lib\extralibs\bin;C:\Program Files\Haskell Platform\7.10.2-a\bin;C:\Program Files (x86)\Intel\iCLS Client\;C:\Program Files\Intel\iCLS Client\;C:\Windows\system32;C:\Windows;C:\Windows\System32\Wbem;C:\Windows\System32\WindowsPowerShell\v1.0\;C:\Program Files\Intel\Intel(R) Management Engine Components\DAL;C:\Program Files (x86)\Intel\Intel(R) Management Engine Components\DAL;C:\Program Files\Intel\Intel(R) Management Engine Components\IPT;C:\Program Files (x86)\Intel\Intel(R) Management Engine Components\IPT;C:\Program Files (x86)\scala\bin;C:\Program Files (x86)\Git\cmd;C:\Program Files\Calibre2\;C:\HashiCorp\Vagrant\bin;C:\Program Files (x86)\Heroku\bin;C:\Program Files (x86)\git\cmd;C:\Program Files (x86)\NVIDIA Corporation\PhysX\Common;C:\Program Files (x86)\Windows Kits\8.1\Windows Performance Toolkit\;C:\Program Files\Microsoft SQL Server\110\Tools\Binn\;C:\Program Files (x86)\Microsoft SDKs\TypeScript\1.0\;C:\Program Files (x86)\sbt\\bin;C:\Program Files\Haskell Platform\7.10.2-a\mingw\bin;C:\Leksah\bin\;C:\Program Files\MATLAB\R2015b\bin;C:\Program Files (x86)\PDFtk\bin\;C:\Python27;C:\Python27\DLLs;C:\Python27\Scripts;C:\Python27\gnuplot\binary;C:\Program Files (x86)\pythonxy\SciTE-3.5.1-4;C:\Program Files (x86)\pythonxy\console;C:\WINDOWS\system32;C:\WINDOWS;C:\WINDOWS\System32\Wbem;C:\WINDOWS\System32\WindowsPowerShell\v1.0\;C:\Program Files\Git\cmd;C:\Program Files\nodejs\;C:\Ruby23-x64\bin;C:\Users\William\AppData\Roaming\cabal\bin;C:\Users\William\AppData\Local\atom\bin;C:\Program Files\swipl\bin;C:\Program Files (x86)\scala\bin;C:\Program Files\nodejs;C:\Python27;C:\Program Files (x86)\sbt\bin;C:\Users\William\AppData\Local\.meteor\;C:\Program Files\Rust stable 1.3\bin;c:\Users\William\AppData\Local\atom\bin;C:\MongoDB\3.2\bin;C:\Tools\bin;C:\Users\William\AppData\Local\Programs\MiKTeX 2.9\miktex\bin\;C:\Program Files\Java\jre1.8.0_73\bin;C:\Program Files (x86)\Google\google_appengine\;C:\Program Files\Java\jdk1.8.0_73\bin;C:\Program Files\Docker Toolbox;C:\Program Files (x86)\GnuWin32\bin;C:\Program Files\ImageMagick-7.0.2-Q16;C:\Program Files (x86)\Microsoft VS Code\bin;C:\Users\William\AppData\Roaming\npm;%USERPROFILE%\AppData\Local\Microsoft\WindowsApps;;C:\Users\William\Desktop\cmder

Yarn version: 
  0.17.6

Node version: 
  4.5.0

Platform: 
  win32 x64

npm manifest: 
  {
    "name": "cs110",
    "version": "0.0.0",
    "license": "MIT",
    "angular-cli": {},
    "scripts": {
      "start": "ng serve",
      "lint": "tslint \"src/**/*.ts\"",
      "test": "ng test",
      "pree2e": "webdriver-manager update",
      "e2e": "protractor"
    },
    "private": true,
    "dependencies": {
      "@angular/common": "~2.1.0",
      "@angular/compiler": "~2.1.0",
      "@angular/core": "~2.1.0",
      "@angular/forms": "~2.1.0",
      "@angular/http": "~2.1.0",
      "@angular/material": "^2.0.0-alpha.10",
      "@angular/platform-browser": "~2.1.0",
      "@angular/platform-browser-dynamic": "~2.1.0",
      "@angular/router": "~3.1.0",
      "@angular2-material/core": "^2.0.0-alpha.8-2",
      "core-js": "^2.4.1",
      "lodash": "^4.17.0",
      "rxjs": "5.0.0-beta.12",
      "sigma": "^1.2.0",
      "ts-helpers": "^1.1.1",
      "zone.js": "^0.6.23"
    },
    "devDependencies": {
      "@types/lodash": "^4.14.39",
      "@types/sigmajs": "^1.0.27",
      "@types/jasmine": "^2.2.30",
      "@types/node": "^6.0.42",
      "angular-cli": "1.0.0-beta.19-3",
      "codelyzer": "1.0.0-beta.1",
      "jasmine-core": "2.4.1",
      "jasmine-spec-reporter": "2.5.0",
      "karma": "1.2.0",
      "karma-chrome-launcher": "^2.0.0",
      "karma-cli": "^1.0.1",
      "karma-jasmine": "^1.0.2",
      "karma-remap-istanbul": "^0.2.1",
      "protractor": "4.0.9",
      "ts-node": "1.2.1",
      "tslint": "3.13.0",
      "typescript": "~2.0.3",
      "webdriver-manager": "10.2.5"
    }
  }

yarn manifest: 
  No manifest

Lockfile: 
  No lockfile

Trace: 
  Error: ENOENT: no such file or directory, chmod 'C:\Users\William\Documents\Dev\school\cs110\node_modules\.bin\webdriver-manager'
      at Error (native)
